<?xml version="1.0" encoding="UTF-8"?>
<!-- Generated by org.testng.reporters.JUnitReportReporter -->
<testsuite hostname="EC2AMAZ-4HQENO5" failures="0" tests="1" name="tests.LoginTest" time="7.169" errors="0" timestamp="2025-02-17T07:52:50 UTC" skipped="0">
  <testcase classname="tests.LoginTest" name="testValidLogin" time="7.169"/>
</testsuite> <!-- tests.LoginTest -->
